2021-11-04 11:19:12,077 TRACE com.ibcs.hr.service.EmpService [http-nio-9090-exec-3] findById executed
2021-11-04 11:19:16,647 TRACE com.ibcs.hr.api.EmpApi [http-nio-9090-exec-7] updateEmp executed from api
2021-11-04 11:19:16,647 TRACE com.ibcs.hr.service.EmpService [http-nio-9090-exec-7]  updated executed from service
2021-11-04 11:19:16,763 TRACE com.ibcs.hr.api.EmpApi [http-nio-9090-exec-5] getAll executed from api
2021-11-04 11:19:32,783 TRACE com.ibcs.hr.api.EmpApi [http-nio-9090-exec-6] getOne executed from api
2021-11-04 11:19:32,783 TRACE com.ibcs.hr.service.EmpService [http-nio-9090-exec-6] findById executed
2021-11-04 11:19:54,028 TRACE com.ibcs.hr.api.EmpApi [http-nio-9090-exec-8] updateEmp executed from api
2021-11-04 11:19:54,029 TRACE com.ibcs.hr.service.EmpService [http-nio-9090-exec-8]  updated executed from service
2021-11-04 11:19:54,144 TRACE com.ibcs.hr.api.EmpApi [http-nio-9090-exec-9] getAll executed from api
2021-11-04 11:20:00,093 TRACE com.ibcs.hr.api.EmpApi [http-nio-9090-exec-10] getOne executed from api
2021-11-04 11:20:00,094 TRACE com.ibcs.hr.service.EmpService [http-nio-9090-exec-10] findById executed
2021-11-04 11:20:04,864 TRACE com.ibcs.hr.api.EmpApi [http-nio-9090-exec-1] updateEmp executed from api
2021-11-04 11:20:04,864 TRACE com.ibcs.hr.service.EmpService [http-nio-9090-exec-1]  updated executed from service
2021-11-04 11:20:04,998 TRACE com.ibcs.hr.api.EmpApi [http-nio-9090-exec-2] getAll executed from api
2021-11-04 11:20:34,381 TRACE com.ibcs.hr.api.EmpApi [http-nio-9090-exec-4] getOne executed from api
2021-11-04 11:20:34,381 TRACE com.ibcs.hr.service.EmpService [http-nio-9090-exec-4] findById executed
2021-11-04 11:20:43,914 TRACE com.ibcs.hr.api.EmpApi [http-nio-9090-exec-3] updateEmp executed from api
2021-11-04 11:20:43,915 TRACE com.ibcs.hr.service.EmpService [http-nio-9090-exec-3]  updated executed from service
2021-11-04 11:20:43,959 TRACE com.ibcs.hr.api.EmpApi [http-nio-9090-exec-7] getAll executed from api
2021-11-04 11:22:15,444 TRACE com.ibcs.hr.api.EmpApi [http-nio-9090-exec-6] getOne executed from api
2021-11-04 11:22:15,445 TRACE com.ibcs.hr.service.EmpService [http-nio-9090-exec-6] findById executed
2021-11-04 11:22:22,373 TRACE com.ibcs.hr.api.EmpApi [http-nio-9090-exec-8] getOne executed from api
2021-11-04 11:22:22,374 TRACE com.ibcs.hr.service.EmpService [http-nio-9090-exec-8] findById executed
2021-11-04 11:22:25,154 TRACE com.ibcs.hr.api.DeptApi [http-nio-9090-exec-9]  getAll executed from dept Api
2021-11-04 11:22:44,985 TRACE com.ibcs.hr.api.DeptApi [http-nio-9090-exec-10]  getAll executed from dept Api
2021-11-04 11:23:08,100 TRACE com.ibcs.hr.api.DeptApi [http-nio-9090-exec-1]  getAll executed from dept Api
2021-11-04 11:23:11,149 TRACE com.ibcs.hr.api.DeptApi [http-nio-9090-exec-2]  getAll executed from dept Api
2021-11-04 11:23:22,199 TRACE com.ibcs.hr.api.DeptApi [http-nio-9090-exec-4]  getAll executed from dept Api
2021-11-04 11:23:35,038 TRACE com.ibcs.hr.api.DeptApi [http-nio-9090-exec-3]  getAll executed from dept Api
2021-11-04 11:23:40,577 TRACE com.ibcs.hr.api.DeptApi [http-nio-9090-exec-7]  getAll executed from dept Api
2021-11-04 11:23:41,052 TRACE com.ibcs.hr.api.DeptApi [http-nio-9090-exec-5]  getAll executed from dept Api
2021-11-04 11:23:41,966 TRACE com.ibcs.hr.api.DeptApi [http-nio-9090-exec-6]  getAll executed from dept Api
2021-11-04 11:23:42,871 TRACE com.ibcs.hr.api.DeptApi [http-nio-9090-exec-8]  getAll executed from dept Api
2021-11-04 11:23:50,867 TRACE com.ibcs.hr.api.DeptApi [http-nio-9090-exec-9]  getAll executed from dept Api
2021-11-04 11:23:51,823 TRACE com.ibcs.hr.api.DeptApi [http-nio-9090-exec-10]  getAll executed from dept Api
2021-11-04 11:23:57,073 TRACE com.ibcs.hr.api.DeptApi [http-nio-9090-exec-1]  getOne executed
2021-11-04 11:23:57,073 TRACE com.ibcs.hr.service.DeptService [http-nio-9090-exec-1] findById executed
2021-11-04 11:23:59,730 TRACE com.ibcs.hr.api.DeptApi [http-nio-9090-exec-2]  getOne executed
2021-11-04 11:23:59,730 TRACE com.ibcs.hr.service.DeptService [http-nio-9090-exec-2] findById executed
2021-11-04 11:24:03,555 TRACE com.ibcs.hr.api.DeptApi [http-nio-9090-exec-4]  getAll executed from dept Api
2021-11-04 11:24:27,024 TRACE com.ibcs.hr.api.DeptApi [http-nio-9090-exec-3]  getOne executed
2021-11-04 11:24:27,024 TRACE com.ibcs.hr.service.DeptService [http-nio-9090-exec-3] findById executed
2021-11-04 11:24:32,263 TRACE com.ibcs.hr.api.DeptApi [http-nio-9090-exec-7]  update dept executed
2021-11-04 11:24:32,264 TRACE com.ibcs.hr.service.DeptService [http-nio-9090-exec-7]  update executed from service
2021-11-04 11:24:32,355 TRACE com.ibcs.hr.api.DeptApi [http-nio-9090-exec-5]  getAll executed from dept Api
2021-11-04 11:24:53,465 TRACE com.ibcs.hr.api.DeptApi [http-nio-9090-exec-6]  createDept executed
2021-11-04 11:24:53,722 TRACE com.ibcs.hr.api.DeptApi [http-nio-9090-exec-8]  getAll executed from dept Api
2021-11-04 11:29:55,398 TRACE com.ibcs.hr.api.DeptApi [http-nio-9090-exec-10]  getOne executed
2021-11-04 11:29:55,398 TRACE com.ibcs.hr.service.DeptService [http-nio-9090-exec-10] findById executed
